Determining if the pthread_create exist failed with the following output:
Change Dir: /home/turtlebot/andi_ws/build/CMakeFiles/CMakeTmp

Run Build Command:/usr/bin/make "cmTryCompileExec3821452606/fast"
/usr/bin/make -f CMakeFiles/cmTryCompileExec3821452606.dir/build.make CMakeFiles/cmTryCompileExec3821452606.dir/build
make[1]: Entering directory `/home/turtlebot/andi_ws/build/CMakeFiles/CMakeTmp'
/usr/bin/cmake -E cmake_progress_report /home/turtlebot/andi_ws/build/CMakeFiles/CMakeTmp/CMakeFiles 1
Building C object CMakeFiles/cmTryCompileExec3821452606.dir/CheckSymbolExists.c.o
/usr/bin/cc    -o CMakeFiles/cmTryCompileExec3821452606.dir/CheckSymbolExists.c.o   -c /home/turtlebot/andi_ws/build/CMakeFiles/CMakeTmp/CheckSymbolExists.c
Linking C executable cmTryCompileExec3821452606
/usr/bin/cmake -E cmake_link_script CMakeFiles/cmTryCompileExec3821452606.dir/link.txt --verbose=1
/usr/bin/cc       CMakeFiles/cmTryCompileExec3821452606.dir/CheckSymbolExists.c.o  -o cmTryCompileExec3821452606 -rdynamic 
CMakeFiles/cmTryCompileExec3821452606.dir/CheckSymbolExists.c.o: In function `main':
CheckSymbolExists.c:(.text+0x16): undefined reference to `pthread_create'
collect2: error: ld returned 1 exit status
make[1]: *** [cmTryCompileExec3821452606] Error 1
make[1]: Leaving directory `/home/turtlebot/andi_ws/build/CMakeFiles/CMakeTmp'
make: *** [cmTryCompileExec3821452606/fast] Error 2

File /home/turtlebot/andi_ws/build/CMakeFiles/CMakeTmp/CheckSymbolExists.c:
/* */
#include <pthread.h>

int main(int argc, char** argv)
{
  (void)argv;
#ifndef pthread_create
  return ((int*)(&pthread_create))[argc];
#else
  (void)argc;
  return 0;
#endif
}

Determining if the function pthread_create exists in the pthreads failed with the following output:
Change Dir: /home/turtlebot/andi_ws/build/CMakeFiles/CMakeTmp

Run Build Command:/usr/bin/make "cmTryCompileExec502572231/fast"
/usr/bin/make -f CMakeFiles/cmTryCompileExec502572231.dir/build.make CMakeFiles/cmTryCompileExec502572231.dir/build
make[1]: Entering directory `/home/turtlebot/andi_ws/build/CMakeFiles/CMakeTmp'
/usr/bin/cmake -E cmake_progress_report /home/turtlebot/andi_ws/build/CMakeFiles/CMakeTmp/CMakeFiles 1
Building C object CMakeFiles/cmTryCompileExec502572231.dir/CheckFunctionExists.c.o
/usr/bin/cc   -DCHECK_FUNCTION_EXISTS=pthread_create   -o CMakeFiles/cmTryCompileExec502572231.dir/CheckFunctionExists.c.o   -c /usr/share/cmake-2.8/Modules/CheckFunctionExists.c
Linking C executable cmTryCompileExec502572231
/usr/bin/cmake -E cmake_link_script CMakeFiles/cmTryCompileExec502572231.dir/link.txt --verbose=1
/usr/bin/cc   -DCHECK_FUNCTION_EXISTS=pthread_create    CMakeFiles/cmTryCompileExec502572231.dir/CheckFunctionExists.c.o  -o cmTryCompileExec502572231 -rdynamic -lpthreads 
/usr/bin/ld: cannot find -lpthreads
collect2: error: ld returned 1 exit status
make[1]: *** [cmTryCompileExec502572231] Error 1
make[1]: Leaving directory `/home/turtlebot/andi_ws/build/CMakeFiles/CMakeTmp'
make: *** [cmTryCompileExec502572231/fast] Error 2


